Unity Editor version:    2021.3.4f1 (cb45f9cae8b7)
Branch:                  2021.3/staging
Build type:              Release
Batch mode:              YES
macOS version:           Version 12.5.1 (Build 21G83)
Darwin version:          21.6.0
Architecture:            x86_64
Running under Rosetta:   YES
Available memory:        16384 MB
Using pre-set license
Pro License: YES

COMMAND LINE ARGUMENTS:
/Applications/Unity/Unity.app/Contents/MacOS/Unity
-adb2
-batchMode
-noUpm
-name
AssetImportWorker0
-projectPath
/Users/kennethalvarez/Desktop/Projects/Cornell/CS5650/My project
-logFile
Logs/AssetImportWorker0.log
-srvPort
58193
Successfully changed project path to: /Users/kennethalvarez/Desktop/Projects/Cornell/CS5650/My project
/Users/kennethalvarez/Desktop/Projects/Cornell/CS5650/My project
[UnityMemory] Configuration Parameters - Can be set up in boot.config
    "memorysetup-bucket-allocator-granularity=16"
    "memorysetup-bucket-allocator-bucket-count=8"
    "memorysetup-bucket-allocator-block-size=33554432"
    "memorysetup-bucket-allocator-block-count=8"
    "memorysetup-main-allocator-block-size=16777216"
    "memorysetup-thread-allocator-block-size=16777216"
    "memorysetup-gfx-main-allocator-block-size=16777216"
    "memorysetup-gfx-thread-allocator-block-size=16777216"
    "memorysetup-cache-allocator-block-size=4194304"
    "memorysetup-typetree-allocator-block-size=2097152"
    "memorysetup-profiler-bucket-allocator-granularity=16"
    "memorysetup-profiler-bucket-allocator-bucket-count=8"
    "memorysetup-profiler-bucket-allocator-block-size=33554432"
    "memorysetup-profiler-bucket-allocator-block-count=8"
    "memorysetup-profiler-allocator-block-size=16777216"
    "memorysetup-profiler-editor-allocator-block-size=1048576"
    "memorysetup-temp-allocator-size-main=16777216"
    "memorysetup-job-temp-allocator-block-size=2097152"
    "memorysetup-job-temp-allocator-block-size-background=1048576"
    "memorysetup-job-temp-allocator-reduction-small-platforms=262144"
    "memorysetup-temp-allocator-size-background-worker=32768"
    "memorysetup-temp-allocator-size-job-worker=262144"
    "memorysetup-temp-allocator-size-preload-manager=33554432"
    "memorysetup-temp-allocator-size-nav-mesh-worker=65536"
    "memorysetup-temp-allocator-size-audio-worker=65536"
    "memorysetup-temp-allocator-size-cloud-worker=32768"
    "memorysetup-temp-allocator-size-gi-baking-worker=262144"
    "memorysetup-temp-allocator-size-gfx=262144"
Refreshing native plugins compatible for Editor in 103.90 ms, found 2 plugins.
Preloading 0 native plugins for Editor in 0.00 ms.
Initialize engine version: 2021.3.4f1 (cb45f9cae8b7)
[Subsystems] Discovering subsystems at path /Applications/Unity/Unity.app/Contents/Resources/UnitySubsystems
[Subsystems] Discovering subsystems at path /Users/kennethalvarez/Desktop/Projects/Cornell/CS5650/My project/Assets
GfxDevice: creating device client; threaded=0; jobified=0
 preferred device: Apple M1 Pro (high power)
Metal devices available: 1
0: Apple M1 Pro (high power)
Using device Apple M1 Pro (high power)
Initializing Metal device caps: Apple M1 Pro
Initialize mono
Mono path[0] = '/Applications/Unity/Unity.app/Contents/Managed'
Mono path[1] = '/Applications/Unity/Unity.app/Contents/MonoBleedingEdge/lib/mono/unityjit-macos'
Mono config path = '/Applications/Unity/Unity.app/Contents/MonoBleedingEdge/etc'
Using monoOptions --debugger-agent=transport=dt_socket,embedding=1,server=y,suspend=n,address=127.0.0.1:56193
Begin MonoManager ReloadAssembly
Registering precompiled unity dll's ...
Register platform support module: /Applications/Unity/Unity.app/Contents/PlaybackEngines/MacStandaloneSupport/UnityEditor.OSXStandalone.Extensions.dll
Registered in 0.001024 seconds.
Native extension for OSXStandalone target not found
Refreshing native plugins compatible for Editor in 98.72 ms, found 2 plugins.
Preloading 0 native plugins for Editor in 0.00 ms.
Mono: successfully reloaded assembly
- Completed reload, in  1.876 seconds
Domain Reload Profiling:
	ReloadAssembly (1877ms)
		BeginReloadAssembly (157ms)
			ExecutionOrderSort (0ms)
			DisableScriptedObjects (0ms)
			BackupInstance (0ms)
			ReleaseScriptingObjects (0ms)
			CreateAndSetChildDomain (2ms)
		EndReloadAssembly (1418ms)
			LoadAssemblies (156ms)
			RebuildTransferFunctionScriptingTraits (0ms)
			SetupTypeCache (137ms)
			ReleaseScriptCaches (0ms)
			RebuildScriptCaches (39ms)
			SetupLoadedEditorAssemblies (1039ms)
				LogAssemblyErrors (0ms)
				InitializePlatformSupportModulesInManaged (22ms)
				SetLoadedEditorAssemblies (1ms)
				RefreshPlugins (99ms)
				BeforeProcessingInitializeOnLoad (5ms)
				ProcessInitializeOnLoadAttributes (682ms)
				ProcessInitializeOnLoadMethodAttributes (230ms)
				AfterProcessingInitializeOnLoad (0ms)
				EditorAssembliesLoaded (1ms)
			ExecutionOrderSort2 (0ms)
			AwakeInstancesAfterBackupRestoration (0ms)
Platform modules already initialized, skipping
Registering precompiled user dll's ...
Registered in 0.001873 seconds.
Begin MonoManager ReloadAssembly
Symbol file LoadedFromMemory doesn't match image /Users/kennethalvarez/Desktop/Projects/Cornell/CS5650/My project/Library/PackageCache/com.unity.visualscripting@1.7.8/Editor/VisualScripting.Core/Dependencies/YamlDotNet/Unity.VisualScripting.YamlDotNet.dll
Symbol file LoadedFromMemory doesn't match image /Users/kennethalvarez/Desktop/Projects/Cornell/CS5650/My project/Library/PackageCache/com.unity.visualscripting@1.7.8/Editor/VisualScripting.Core/Dependencies/DotNetZip/Unity.VisualScripting.IonicZip.dll
Native extension for OSXStandalone target not found
Refreshing native plugins compatible for Editor in 0.70 ms, found 2 plugins.
Preloading 0 native plugins for Editor in 0.00 ms.
Mono: successfully reloaded assembly
- Completed reload, in  3.098 seconds
Domain Reload Profiling:
	ReloadAssembly (3101ms)
		BeginReloadAssembly (290ms)
			ExecutionOrderSort (0ms)
			DisableScriptedObjects (43ms)
			BackupInstance (0ms)
			ReleaseScriptingObjects (0ms)
			CreateAndSetChildDomain (39ms)
		EndReloadAssembly (2431ms)
			LoadAssemblies (148ms)
			RebuildTransferFunctionScriptingTraits (0ms)
			SetupTypeCache (342ms)
			ReleaseScriptCaches (1ms)
			RebuildScriptCaches (68ms)
			SetupLoadedEditorAssemblies (1634ms)
				LogAssemblyErrors (0ms)
				InitializePlatformSupportModulesInManaged (19ms)
				SetLoadedEditorAssemblies (2ms)
				RefreshPlugins (1ms)
				BeforeProcessingInitializeOnLoad (178ms)
				ProcessInitializeOnLoadAttributes (1290ms)
				ProcessInitializeOnLoadMethodAttributes (142ms)
				AfterProcessingInitializeOnLoad (1ms)
				EditorAssembliesLoaded (1ms)
			ExecutionOrderSort2 (0ms)
			AwakeInstancesAfterBackupRestoration (13ms)
Platform modules already initialized, skipping
========================================================================
Worker process is ready to serve import requests
Launching external process: /Applications/Unity/Unity.app/Contents/Tools/UnityShaderCompiler
Launched and connected shader compiler UnityShaderCompiler after 0.07 seconds
Refreshing native plugins compatible for Editor in 0.55 ms, found 2 plugins.
Preloading 0 native plugins for Editor in 0.00 ms.
Unloading 3368 Unused Serialized files (Serialized files now loaded: 0)
Unloading 27 unused Assets / (94.4 KB). Loaded Objects now: 3824.
Memory consumption went from 230.7 MB to 230.6 MB.
Total: 3.086041 ms (FindLiveObjects: 0.206750 ms CreateObjectMapping: 0.080791 ms MarkObjects: 2.673042 ms  DeleteObjects: 0.124292 ms)

AssetImportParameters requested are different than current active one (requested -> active):
  custom:video-decoder-ogg-theora: a1e56fd34408186e4bbccfd4996cb3dc -> 
  custom:container-muxer-webm: aa71ff27fc2769a1b78a27578f13a17b -> 
  custom:container-demuxer-webm: 4f35f7cbe854078d1ac9338744f61a02 -> 
  custom:video-encoder-webm-vp8: eb34c28f22e8b96e1ab97ce403110664 -> 
  custom:framework-osx-AVFoundation: e770b220cccbd017edd2c1fefb359320 -> 
  custom:audio-encoder-webm-vorbis: bf7c407c2cedff20999df2af8eb42d56 -> 
  custom:container-demuxer-ogg: 62fdf1f143b41e24485cea50d1cbac27 -> 
  custom:video-decoder-webm-vp8: 9c59270c3fd7afecdb556c50c9e8de78 -> 
  custom:audio-decoder-ogg-vorbis: bf7c407c2cedff20999df2af8eb42d56 -> 
========================================================================
Received Prepare
Registering precompiled user dll's ...
Registered in 0.001950 seconds.
Begin MonoManager ReloadAssembly
Symbol file LoadedFromMemory doesn't match image /Users/kennethalvarez/Desktop/Projects/Cornell/CS5650/My project/Library/PackageCache/com.unity.visualscripting@1.7.8/Editor/VisualScripting.Core/Dependencies/YamlDotNet/Unity.VisualScripting.YamlDotNet.dll
Symbol file LoadedFromMemory doesn't match image /Users/kennethalvarez/Desktop/Projects/Cornell/CS5650/My project/Library/PackageCache/com.unity.visualscripting@1.7.8/Editor/VisualScripting.Core/Dependencies/DotNetZip/Unity.VisualScripting.IonicZip.dll
Native extension for OSXStandalone target not found
Refreshing native plugins compatible for Editor in 1.02 ms, found 4 plugins.
Preloading 1 native plugins for Editor in 5.80 ms.
Mono: successfully reloaded assembly
- Completed reload, in  3.390 seconds
Domain Reload Profiling:
	ReloadAssembly (3392ms)
		BeginReloadAssembly (497ms)
			ExecutionOrderSort (0ms)
			DisableScriptedObjects (55ms)
			BackupInstance (0ms)
			ReleaseScriptingObjects (0ms)
			CreateAndSetChildDomain (136ms)
		EndReloadAssembly (2575ms)
			LoadAssemblies (190ms)
			RebuildTransferFunctionScriptingTraits (0ms)
			SetupTypeCache (405ms)
			ReleaseScriptCaches (1ms)
			RebuildScriptCaches (48ms)
			SetupLoadedEditorAssemblies (1677ms)
				LogAssemblyErrors (0ms)
				InitializePlatformSupportModulesInManaged (44ms)
				SetLoadedEditorAssemblies (2ms)
				RefreshPlugins (7ms)
				BeforeProcessingInitializeOnLoad (158ms)
				ProcessInitializeOnLoadAttributes (1289ms)
				ProcessInitializeOnLoadMethodAttributes (175ms)
				AfterProcessingInitializeOnLoad (1ms)
				EditorAssembliesLoaded (1ms)
			ExecutionOrderSort2 (0ms)
			AwakeInstancesAfterBackupRestoration (21ms)
Platform modules already initialized, skipping
Shader 'Oculus/OVRMRCameraFrameLit': fallback shader 'Alpha-Diffuse' not found
Shader 'Oculus/OVRMRCameraFrameLit': fallback shader 'Alpha-Diffuse' not found
Refreshing native plugins compatible for Editor in 2.07 ms, found 4 plugins.
Preloading 1 native plugins for Editor in 0.29 ms.
Unloading 3885 Unused Serialized files (Serialized files now loaded: 0)
Unloading 77 unused Assets / (4.3 MB). Loaded Objects now: 4295.
Memory consumption went from 259.6 MB to 255.3 MB.
Total: 4.806084 ms (FindLiveObjects: 0.232958 ms CreateObjectMapping: 0.084459 ms MarkObjects: 2.502292 ms  DeleteObjects: 1.985167 ms)

AssetImportParameters requested are different than current active one (requested -> active):
  custom:video-decoder-ogg-theora: a1e56fd34408186e4bbccfd4996cb3dc -> 
  custom:container-muxer-webm: aa71ff27fc2769a1b78a27578f13a17b -> 
  custom:container-demuxer-webm: 4f35f7cbe854078d1ac9338744f61a02 -> 
  custom:video-encoder-webm-vp8: eb34c28f22e8b96e1ab97ce403110664 -> 
  custom:framework-osx-AVFoundation: e770b220cccbd017edd2c1fefb359320 -> 
  custom:audio-encoder-webm-vorbis: bf7c407c2cedff20999df2af8eb42d56 -> 
  custom:container-demuxer-ogg: 62fdf1f143b41e24485cea50d1cbac27 -> 
  custom:video-decoder-webm-vp8: 9c59270c3fd7afecdb556c50c9e8de78 -> 
  custom:audio-decoder-ogg-vorbis: bf7c407c2cedff20999df2af8eb42d56 -> 
========================================================================
Received Import Request.
  Time since last request: 667048.432484 seconds.
  path: Assets/Assets
  artifactKey: Guid(d1247014dc2154371bbb848668a51361) Importer(815301076,1909f56bfc062723c751e8b465ee728b)
Start importing Assets/Assets using Guid(d1247014dc2154371bbb848668a51361) Importer(815301076,1909f56bfc062723c751e8b465ee728b)  -> (artifact id: 'c2310aae55240ccd327fd63dedebc55c') in 0.010746 seconds 
========================================================================
Received Import Request.
  Time since last request: 0.029128 seconds.
  path: Assets/Assets/Black.mat
  artifactKey: Guid(b5881b529e102d74087d1c3548282a24) Importer(815301076,1909f56bfc062723c751e8b465ee728b)
Start importing Assets/Assets/Black.mat using Guid(b5881b529e102d74087d1c3548282a24) Importer(815301076,1909f56bfc062723c751e8b465ee728b)  -> (artifact id: '2bf5cb71e1bdc9459c11fe5c0420442f') in 0.807616 seconds 
========================================================================
Received Import Request.
  Time since last request: 3.358890 seconds.
  path: Assets/Scenes
  artifactKey: Guid(6ea315d0fd7389c41b19996891e99ae3) Importer(815301076,1909f56bfc062723c751e8b465ee728b)
Start importing Assets/Scenes using Guid(6ea315d0fd7389c41b19996891e99ae3) Importer(815301076,1909f56bfc062723c751e8b465ee728b)  -> (artifact id: 'b8193726cff86800c54781cdc6d54904') in 0.000717 seconds 
========================================================================
Received Import Request.
  Time since last request: 0.665152 seconds.
  path: Assets/Scenes/SampleScene.unity
  artifactKey: Guid(9fc0d4010bbf28b4594072e72b8655ab) Importer(815301076,1909f56bfc062723c751e8b465ee728b)
Start importing Assets/Scenes/SampleScene.unity using Guid(9fc0d4010bbf28b4594072e72b8655ab) Importer(815301076,1909f56bfc062723c751e8b465ee728b)  -> (artifact id: 'e55ccaa32d8e5c1de03c07a5412c8c3c') in 0.001133 seconds 
========================================================================
Received Import Request.
  Time since last request: 5.969781 seconds.
  path: Assets/Assets/Oculus
  artifactKey: Guid(0c4ad1a31b1d3ac4f919f8a17dbc23c2) Importer(815301076,1909f56bfc062723c751e8b465ee728b)
Start importing Assets/Assets/Oculus using Guid(0c4ad1a31b1d3ac4f919f8a17dbc23c2) Importer(815301076,1909f56bfc062723c751e8b465ee728b)  -> (artifact id: 'bfa960cfbc85e65d53074d08051c981f') in 0.001190 seconds 
========================================================================
Received Import Request.
  Time since last request: 0.070987 seconds.
  path: Assets/Assets/Oculus/OculusProjectConfig.asset
  artifactKey: Guid(5b2439173c43caf4d8117dd088d87fca) Importer(815301076,1909f56bfc062723c751e8b465ee728b)
Start importing Assets/Assets/Oculus/OculusProjectConfig.asset using Guid(5b2439173c43caf4d8117dd088d87fca) Importer(815301076,1909f56bfc062723c751e8b465ee728b)  -> (artifact id: '964d05957d652a75cbcb9d8a0c059bea') in 0.059956 seconds 
========================================================================
Received Import Request.
  Time since last request: 0.975263 seconds.
  path: Assets/Assets/Oculus/Platform
  artifactKey: Guid(c49105a3d9e2cf34b944327f82dcbb4b) Importer(815301076,1909f56bfc062723c751e8b465ee728b)
Start importing Assets/Assets/Oculus/Platform using Guid(c49105a3d9e2cf34b944327f82dcbb4b) Importer(815301076,1909f56bfc062723c751e8b465ee728b)  -> (artifact id: 'c0e450426e1a777f9b98aaa8e47e92bd') in 0.001151 seconds 
========================================================================
Received Import Request.
  Time since last request: 1.661096 seconds.
  path: Assets/Assets/Oculus/AudioManager
  artifactKey: Guid(0ecfb50c59517fe4d9b96296e5d15a90) Importer(815301076,1909f56bfc062723c751e8b465ee728b)
Start importing Assets/Assets/Oculus/AudioManager using Guid(0ecfb50c59517fe4d9b96296e5d15a90) Importer(815301076,1909f56bfc062723c751e8b465ee728b)  -> (artifact id: '9fbd9975848e1205ab619e78092ce24e') in 0.001154 seconds 
========================================================================
Received Import Request.
  Time since last request: 2.600110 seconds.
  path: Assets/Assets/Oculus/SampleFramework
  artifactKey: Guid(f57ca3c6ed59d67469e19815f987e62a) Importer(815301076,1909f56bfc062723c751e8b465ee728b)
Start importing Assets/Assets/Oculus/SampleFramework using Guid(f57ca3c6ed59d67469e19815f987e62a) Importer(815301076,1909f56bfc062723c751e8b465ee728b)  -> (artifact id: '72f12f645c76ebd3c6d49d9b7c90c75d') in 0.001186 seconds 
========================================================================
Received Import Request.
  Time since last request: 1.407946 seconds.
  path: Assets/Assets/Oculus/Spatializer
  artifactKey: Guid(1988efc33915aee4b9517188de9c6e6a) Importer(815301076,1909f56bfc062723c751e8b465ee728b)
Start importing Assets/Assets/Oculus/Spatializer using Guid(1988efc33915aee4b9517188de9c6e6a) Importer(815301076,1909f56bfc062723c751e8b465ee728b)  -> (artifact id: '8695ad982e61d76924e161405a0ac83d') in 0.001385 seconds 
========================================================================
Received Import Request.
  Time since last request: 0.349754 seconds.
  path: Assets/Assets/Oculus/VR
  artifactKey: Guid(8883f5ccf89344e438b2d26cdad5565b) Importer(815301076,1909f56bfc062723c751e8b465ee728b)
Start importing Assets/Assets/Oculus/VR using Guid(8883f5ccf89344e438b2d26cdad5565b) Importer(815301076,1909f56bfc062723c751e8b465ee728b)  -> (artifact id: '736480a30684e94a9d33ddf52cfd575b') in 0.001134 seconds 
========================================================================
Received Import Request.
  Time since last request: 0.231056 seconds.
  path: Assets/Assets/Oculus/VR/Oculus.VR.asmdef
  artifactKey: Guid(f64c9ebcd7899c3448a08dc9f9ddbe30) Importer(815301076,1909f56bfc062723c751e8b465ee728b)
Start importing Assets/Assets/Oculus/VR/Oculus.VR.asmdef using Guid(f64c9ebcd7899c3448a08dc9f9ddbe30) Importer(815301076,1909f56bfc062723c751e8b465ee728b)  -> (artifact id: '285bd4579857fb5203f22b064304bd7d') in 0.065898 seconds 
========================================================================
Received Import Request.
  Time since last request: 0.201757 seconds.
  path: Assets/Assets/Oculus/VR/NOTICE.txt
  artifactKey: Guid(1d3ffd26004693948809cf896824b17e) Importer(815301076,1909f56bfc062723c751e8b465ee728b)
Start importing Assets/Assets/Oculus/VR/NOTICE.txt using Guid(1d3ffd26004693948809cf896824b17e) Importer(815301076,1909f56bfc062723c751e8b465ee728b)  -> (artifact id: 'd2c059043d96799e2cfcd595a488c5de') in 1.109621 seconds 
========================================================================
Received Import Request.
  Time since last request: 1.781976 seconds.
  path: Assets/Assets/Oculus/VR/Scenes
  artifactKey: Guid(68bc04068edcc1a4d89699ab4e2e69ae) Importer(815301076,1909f56bfc062723c751e8b465ee728b)
Start importing Assets/Assets/Oculus/VR/Scenes using Guid(68bc04068edcc1a4d89699ab4e2e69ae) Importer(815301076,1909f56bfc062723c751e8b465ee728b)  -> (artifact id: '5d8716753b23a36e73b138270a36894b') in 0.001159 seconds 
========================================================================
Received Import Request.
  Time since last request: 1.336469 seconds.
  path: Assets/Assets/Oculus/VR/Scenes/ControllerModels.unity
  artifactKey: Guid(39cfe7aa0a2d46c47994d8d0308ec663) Importer(815301076,1909f56bfc062723c751e8b465ee728b)
Start importing Assets/Assets/Oculus/VR/Scenes/ControllerModels.unity using Guid(39cfe7aa0a2d46c47994d8d0308ec663) Importer(815301076,1909f56bfc062723c751e8b465ee728b)  -> (artifact id: '545fcbcc84b224d402128dd1bc334197') in 0.001182 seconds 
========================================================================
Received Import Request.
  Time since last request: 1.159170 seconds.
  path: Assets/Assets/Oculus/VR/Scenes/Cubes.unity
  artifactKey: Guid(d920b3d2525670f4abad3d20eda3b349) Importer(815301076,1909f56bfc062723c751e8b465ee728b)
Start importing Assets/Assets/Oculus/VR/Scenes/Cubes.unity using Guid(d920b3d2525670f4abad3d20eda3b349) Importer(815301076,1909f56bfc062723c751e8b465ee728b)  -> (artifact id: '39afa87da72a1924b45748bdec6ede6e') in 0.001517 seconds 
========================================================================
Received Import Request.
  Time since last request: 0.736453 seconds.
  path: Assets/Assets/Oculus/VR/Scenes/HandTest.unity
  artifactKey: Guid(b9a31e08066d6e343a208d34ec298f09) Importer(815301076,1909f56bfc062723c751e8b465ee728b)
Start importing Assets/Assets/Oculus/VR/Scenes/HandTest.unity using Guid(b9a31e08066d6e343a208d34ec298f09) Importer(815301076,1909f56bfc062723c751e8b465ee728b)  -> (artifact id: '849309da3938fde2c9ee5a70bb831ff2') in 0.001617 seconds 
========================================================================
Received Import Request.
  Time since last request: 1.048233 seconds.
  path: Assets/Assets/Oculus/VR/Scenes/HandTest_Custom.unity
  artifactKey: Guid(c884d076d6398b54492bcc64bbe30bf5) Importer(815301076,1909f56bfc062723c751e8b465ee728b)
Start importing Assets/Assets/Oculus/VR/Scenes/HandTest_Custom.unity using Guid(c884d076d6398b54492bcc64bbe30bf5) Importer(815301076,1909f56bfc062723c751e8b465ee728b)  -> (artifact id: '846c242010d407fbb64a00f59a36108b') in 0.001106 seconds 
========================================================================
Received Import Request.
  Time since last request: 0.641276 seconds.
  path: Assets/Assets/Oculus/VR/Scenes/MRC.unity
  artifactKey: Guid(c249320cff740054f973da7f7e24bd1f) Importer(815301076,1909f56bfc062723c751e8b465ee728b)
Start importing Assets/Assets/Oculus/VR/Scenes/MRC.unity using Guid(c249320cff740054f973da7f7e24bd1f) Importer(815301076,1909f56bfc062723c751e8b465ee728b)  -> (artifact id: '8b79be8376246f71761487108769d626') in 0.000696 seconds 
========================================================================
Received Import Request.
  Time since last request: 0.960557 seconds.
  path: Assets/Assets/Oculus/VR/Scenes/Room.unity
  artifactKey: Guid(54445976c1dbf1c49bb38ba7eba558e8) Importer(815301076,1909f56bfc062723c751e8b465ee728b)
Start importing Assets/Assets/Oculus/VR/Scenes/Room.unity using Guid(54445976c1dbf1c49bb38ba7eba558e8) Importer(815301076,1909f56bfc062723c751e8b465ee728b)  -> (artifact id: 'e4e6caddb622b41598743b93a5abe1a5') in 0.001258 seconds 
========================================================================
Received Import Request.
  Time since last request: 0.626831 seconds.
  path: Assets/Assets/Oculus/VR/Scenes/SpectatorMode.unity
  artifactKey: Guid(48f290ede0df84ec8bd990c5f5026654) Importer(815301076,1909f56bfc062723c751e8b465ee728b)
Start importing Assets/Assets/Oculus/VR/Scenes/SpectatorMode.unity using Guid(48f290ede0df84ec8bd990c5f5026654) Importer(815301076,1909f56bfc062723c751e8b465ee728b)  -> (artifact id: '68a3835a36351f5f9a9145246b042791') in 0.001109 seconds 
========================================================================
Received Import Request.
  Time since last request: 1.538295 seconds.
  path: Assets/Assets/Oculus/VR/Scenes/UI.unity
  artifactKey: Guid(1f4d3ae64a10d434db219de8b14348e1) Importer(815301076,1909f56bfc062723c751e8b465ee728b)
Start importing Assets/Assets/Oculus/VR/Scenes/UI.unity using Guid(1f4d3ae64a10d434db219de8b14348e1) Importer(815301076,1909f56bfc062723c751e8b465ee728b)  -> (artifact id: 'cf6989ae6b66c11347fe7ca2a4478ea7') in 0.001138 seconds 
========================================================================
Received Import Request.
  Time since last request: 19.273901 seconds.
  path: Assets/Assets/MP1
  artifactKey: Guid(0686dd42b6450cb46a4f9492879e610f) Importer(815301076,1909f56bfc062723c751e8b465ee728b)
Start importing Assets/Assets/MP1 using Guid(0686dd42b6450cb46a4f9492879e610f) Importer(815301076,1909f56bfc062723c751e8b465ee728b)  -> (artifact id: 'f4df07e6082398a8f4989c9a9ba93430') in 0.001056 seconds 
========================================================================
Received Import Request.
  Time since last request: 0.044577 seconds.
  path: Assets/Assets/MP1/sky13_BK.jpg
  artifactKey: Guid(a47fa58ffbbcec1469a572c7073e09b4) Importer(815301076,1909f56bfc062723c751e8b465ee728b)
Start importing Assets/Assets/MP1/sky13_BK.jpg using Guid(a47fa58ffbbcec1469a572c7073e09b4) Importer(815301076,1909f56bfc062723c751e8b465ee728b)  -> (artifact id: 'db41aed460e6a065df52dd6deabdcbc1') in 0.777719 seconds 
========================================================================
Received Import Request.
  Time since last request: 0.000080 seconds.
  path: Assets/Assets/MP1/skybox.mat
  artifactKey: Guid(69078af9eec8799499a678982535682c) Importer(815301076,1909f56bfc062723c751e8b465ee728b)
Start importing Assets/Assets/MP1/skybox.mat using Guid(69078af9eec8799499a678982535682c) Importer(815301076,1909f56bfc062723c751e8b465ee728b)  -> (artifact id: '07cb162a27192a02a64dc96c72a4b210') in 0.292905 seconds 
========================================================================
Received Import Request.
  Time since last request: 0.000080 seconds.
  path: Assets/Assets/MP1/tile.png
  artifactKey: Guid(e0498456fd91c304881b1082234b8458) Importer(815301076,1909f56bfc062723c751e8b465ee728b)
Start importing Assets/Assets/MP1/tile.png using Guid(e0498456fd91c304881b1082234b8458) Importer(815301076,1909f56bfc062723c751e8b465ee728b)  -> (artifact id: '62544650b98e7891f68ee3cf0609aaad') in 0.125618 seconds 
========================================================================
Received Import Request.
  Time since last request: 2.071763 seconds.
  path: Assets/Assets/GlassBridgeAssets
  artifactKey: Guid(37af5a30cb5d727408aba2dfff094615) Importer(815301076,1909f56bfc062723c751e8b465ee728b)
Start importing Assets/Assets/GlassBridgeAssets using Guid(37af5a30cb5d727408aba2dfff094615) Importer(815301076,1909f56bfc062723c751e8b465ee728b)  -> (artifact id: 'da5140b946e73d2bb0ac60009cf27bf0') in 0.001176 seconds 
========================================================================
Received Import Request.
  Time since last request: 0.027401 seconds.
  path: Assets/Assets/GlassBridgeAssets/EndFloor.prefab
  artifactKey: Guid(e84e056c9381afc49b770f9631fb87f6) Importer(815301076,1909f56bfc062723c751e8b465ee728b)
Start importing Assets/Assets/GlassBridgeAssets/EndFloor.prefab using Guid(e84e056c9381afc49b770f9631fb87f6) Importer(815301076,1909f56bfc062723c751e8b465ee728b)  -> (artifact id: '36329c55c6f2a869c8138e5241c0d142') in 0.204511 seconds 
========================================================================
Received Import Request.
  Time since last request: 0.000087 seconds.
  path: Assets/Assets/GlassBridgeAssets/Glass.mat
  artifactKey: Guid(eb078e9e13be5424a886f9149ccf61a7) Importer(815301076,1909f56bfc062723c751e8b465ee728b)
Start importing Assets/Assets/GlassBridgeAssets/Glass.mat using Guid(eb078e9e13be5424a886f9149ccf61a7) Importer(815301076,1909f56bfc062723c751e8b465ee728b)  -> (artifact id: 'cdcfbaa6e94cc6567486fc620552375d') in 0.302137 seconds 
========================================================================
Received Import Request.
  Time since last request: 3.424746 seconds.
  path: Assets/Assets/Scenes
  artifactKey: Guid(ae9c4e019c0c6424086476d60161ae84) Importer(815301076,1909f56bfc062723c751e8b465ee728b)
Start importing Assets/Assets/Scenes using Guid(ae9c4e019c0c6424086476d60161ae84) Importer(815301076,1909f56bfc062723c751e8b465ee728b)  -> (artifact id: '1f583c938dedeaaa7e33b30ac4d903be') in 0.001183 seconds 
========================================================================
Received Import Request.
  Time since last request: 1.153062 seconds.
  path: Assets/Assets/Scenes/RedLightGreenLight
  artifactKey: Guid(9faf08ad4f64bd14290ca0db6ad2f1ac) Importer(815301076,1909f56bfc062723c751e8b465ee728b)
Start importing Assets/Assets/Scenes/RedLightGreenLight using Guid(9faf08ad4f64bd14290ca0db6ad2f1ac) Importer(815301076,1909f56bfc062723c751e8b465ee728b)  -> (artifact id: '2de4850b8578d205419e0d9ba30a6c84') in 0.001122 seconds 
========================================================================
Received Import Request.
  Time since last request: 1.177840 seconds.
  path: Assets/Assets/Scenes/CookieCutter.unity
  artifactKey: Guid(4dc3959aa8dcc82448b3f3e02006270f) Importer(815301076,1909f56bfc062723c751e8b465ee728b)
Start importing Assets/Assets/Scenes/CookieCutter.unity using Guid(4dc3959aa8dcc82448b3f3e02006270f) Importer(815301076,1909f56bfc062723c751e8b465ee728b)  -> (artifact id: '738edf146792fc893585f104b55f80f5') in 0.001184 seconds 
========================================================================
Received Import Request.
  Time since last request: 1.795508 seconds.
  path: Assets/Assets/Scenes/Dorm Room.unity
  artifactKey: Guid(36b77aa00b8f9884da53cc58f4e2367b) Importer(815301076,1909f56bfc062723c751e8b465ee728b)
Start importing Assets/Assets/Scenes/Dorm Room.unity using Guid(36b77aa00b8f9884da53cc58f4e2367b) Importer(815301076,1909f56bfc062723c751e8b465ee728b)  -> (artifact id: '4bd1ce3a2d5e82e20d351e19f61d905b') in 0.000988 seconds 
========================================================================
Received Import Request.
  Time since last request: 0.867883 seconds.
  path: Assets/Assets/Scenes/Gameover.unity
  artifactKey: Guid(3de67c339c902854fba127fb25a97b1a) Importer(815301076,1909f56bfc062723c751e8b465ee728b)
Start importing Assets/Assets/Scenes/Gameover.unity using Guid(3de67c339c902854fba127fb25a97b1a) Importer(815301076,1909f56bfc062723c751e8b465ee728b)  -> (artifact id: '78956e009596d4a7f76d02a4f4f19f37') in 0.000660 seconds 
========================================================================
Received Import Request.
  Time since last request: 1.058151 seconds.
  path: Assets/Assets/Scenes/Glass Bridge.unity
  artifactKey: Guid(b008dccd68e2cf5419114c832b4024ef) Importer(815301076,1909f56bfc062723c751e8b465ee728b)
Start importing Assets/Assets/Scenes/Glass Bridge.unity using Guid(b008dccd68e2cf5419114c832b4024ef) Importer(815301076,1909f56bfc062723c751e8b465ee728b)  -> (artifact id: '253d06cb0fd17f7c1a3f60915031d86a') in 0.001102 seconds 
========================================================================
Received Import Request.
  Time since last request: 0.805520 seconds.
  path: Assets/Assets/Scenes/RedLightGreenLight/LightingData.asset
  artifactKey: Guid(ef00e61b91c13894f8d95a89efd6e2f2) Importer(815301076,1909f56bfc062723c751e8b465ee728b)
Start importing Assets/Assets/Scenes/RedLightGreenLight/LightingData.asset using Guid(ef00e61b91c13894f8d95a89efd6e2f2) Importer(815301076,1909f56bfc062723c751e8b465ee728b)  -> (artifact id: '25fae167b7c2850b19748db828f05640') in 0.004205 seconds 
========================================================================
Received Prepare
Registering precompiled user dll's ...
Registered in 0.002009 seconds.
Begin MonoManager ReloadAssembly
Symbol file LoadedFromMemory doesn't match image /Users/kennethalvarez/Desktop/Projects/Cornell/CS5650/My project/Library/PackageCache/com.unity.visualscripting@1.7.8/Editor/VisualScripting.Core/Dependencies/YamlDotNet/Unity.VisualScripting.YamlDotNet.dll
Symbol file LoadedFromMemory doesn't match image /Users/kennethalvarez/Desktop/Projects/Cornell/CS5650/My project/Library/PackageCache/com.unity.visualscripting@1.7.8/Editor/VisualScripting.Core/Dependencies/DotNetZip/Unity.VisualScripting.IonicZip.dll
Native extension for OSXStandalone target not found
Refreshing native plugins compatible for Editor in 0.94 ms, found 4 plugins.
Preloading 1 native plugins for Editor in 0.44 ms.
Mono: successfully reloaded assembly
- Completed reload, in  3.069 seconds
Domain Reload Profiling:
	ReloadAssembly (3071ms)
		BeginReloadAssembly (351ms)
			ExecutionOrderSort (0ms)
			DisableScriptedObjects (41ms)
			BackupInstance (0ms)
			ReleaseScriptingObjects (0ms)
			CreateAndSetChildDomain (112ms)
		EndReloadAssembly (2416ms)
			LoadAssemblies (146ms)
			RebuildTransferFunctionScriptingTraits (0ms)
			SetupTypeCache (367ms)
			ReleaseScriptCaches (1ms)
			RebuildScriptCaches (50ms)
			SetupLoadedEditorAssemblies (1596ms)
				LogAssemblyErrors (0ms)
				InitializePlatformSupportModulesInManaged (43ms)
				SetLoadedEditorAssemblies (1ms)
				RefreshPlugins (1ms)
				BeforeProcessingInitializeOnLoad (156ms)
				ProcessInitializeOnLoadAttributes (1250ms)
				ProcessInitializeOnLoadMethodAttributes (143ms)
				AfterProcessingInitializeOnLoad (1ms)
				EditorAssembliesLoaded (1ms)
			ExecutionOrderSort2 (0ms)
			AwakeInstancesAfterBackupRestoration (14ms)
Platform modules already initialized, skipping
Shader 'Oculus/OVRMRCameraFrameLit': fallback shader 'Alpha-Diffuse' not found
Shader 'Oculus/OVRMRCameraFrameLit': fallback shader 'Alpha-Diffuse' not found
Refreshing native plugins compatible for Editor in 1.73 ms, found 4 plugins.
Preloading 1 native plugins for Editor in 0.25 ms.
Unloading 3885 Unused Serialized files (Serialized files now loaded: 0)
Unloading 77 unused Assets / (4.4 MB). Loaded Objects now: 4343.
Memory consumption went from 294.5 MB to 290.2 MB.
Total: 4.585458 ms (FindLiveObjects: 0.210583 ms CreateObjectMapping: 0.096667 ms MarkObjects: 2.505833 ms  DeleteObjects: 1.767625 ms)

AssetImportParameters requested are different than current active one (requested -> active):
  custom:video-decoder-ogg-theora: a1e56fd34408186e4bbccfd4996cb3dc -> 
  custom:container-muxer-webm: aa71ff27fc2769a1b78a27578f13a17b -> 
  custom:container-demuxer-webm: 4f35f7cbe854078d1ac9338744f61a02 -> 
  custom:video-encoder-webm-vp8: eb34c28f22e8b96e1ab97ce403110664 -> 
  custom:framework-osx-AVFoundation: e770b220cccbd017edd2c1fefb359320 -> 
  custom:audio-encoder-webm-vorbis: bf7c407c2cedff20999df2af8eb42d56 -> 
  custom:container-demuxer-ogg: 62fdf1f143b41e24485cea50d1cbac27 -> 
  custom:video-decoder-webm-vp8: 9c59270c3fd7afecdb556c50c9e8de78 -> 
  custom:audio-decoder-ogg-vorbis: bf7c407c2cedff20999df2af8eb42d56 -> 
========================================================================
Received Prepare
Registering precompiled user dll's ...
Registered in 0.001971 seconds.
Begin MonoManager ReloadAssembly
Symbol file LoadedFromMemory doesn't match image /Users/kennethalvarez/Desktop/Projects/Cornell/CS5650/My project/Library/PackageCache/com.unity.visualscripting@1.7.8/Editor/VisualScripting.Core/Dependencies/YamlDotNet/Unity.VisualScripting.YamlDotNet.dll
Symbol file LoadedFromMemory doesn't match image /Users/kennethalvarez/Desktop/Projects/Cornell/CS5650/My project/Library/PackageCache/com.unity.visualscripting@1.7.8/Editor/VisualScripting.Core/Dependencies/DotNetZip/Unity.VisualScripting.IonicZip.dll
Native extension for OSXStandalone target not found
Refreshing native plugins compatible for Editor in 0.92 ms, found 4 plugins.
Preloading 1 native plugins for Editor in 0.76 ms.
Mono: successfully reloaded assembly
- Completed reload, in  2.971 seconds
Domain Reload Profiling:
	ReloadAssembly (2973ms)
		BeginReloadAssembly (312ms)
			ExecutionOrderSort (0ms)
			DisableScriptedObjects (45ms)
			BackupInstance (0ms)
			ReleaseScriptingObjects (0ms)
			CreateAndSetChildDomain (71ms)
		EndReloadAssembly (2359ms)
			LoadAssemblies (139ms)
			RebuildTransferFunctionScriptingTraits (0ms)
			SetupTypeCache (344ms)
			ReleaseScriptCaches (1ms)
			RebuildScriptCaches (49ms)
			SetupLoadedEditorAssemblies (1566ms)
				LogAssemblyErrors (0ms)
				InitializePlatformSupportModulesInManaged (41ms)
				SetLoadedEditorAssemblies (2ms)
				RefreshPlugins (2ms)
				BeforeProcessingInitializeOnLoad (157ms)
				ProcessInitializeOnLoadAttributes (1224ms)
				ProcessInitializeOnLoadMethodAttributes (138ms)
				AfterProcessingInitializeOnLoad (1ms)
				EditorAssembliesLoaded (1ms)
			ExecutionOrderSort2 (0ms)
			AwakeInstancesAfterBackupRestoration (14ms)
Platform modules already initialized, skipping
Shader 'Oculus/OVRMRCameraFrameLit': fallback shader 'Alpha-Diffuse' not found
Shader 'Oculus/OVRMRCameraFrameLit': fallback shader 'Alpha-Diffuse' not found
Refreshing native plugins compatible for Editor in 1.77 ms, found 4 plugins.
Preloading 1 native plugins for Editor in 0.27 ms.
Unloading 3885 Unused Serialized files (Serialized files now loaded: 0)
Unloading 77 unused Assets / (4.4 MB). Loaded Objects now: 4346.
Memory consumption went from 294.7 MB to 290.4 MB.
Total: 4.413167 ms (FindLiveObjects: 0.228709 ms CreateObjectMapping: 0.094625 ms MarkObjects: 2.298333 ms  DeleteObjects: 1.790042 ms)

AssetImportParameters requested are different than current active one (requested -> active):
  custom:video-decoder-ogg-theora: a1e56fd34408186e4bbccfd4996cb3dc -> 
  custom:container-muxer-webm: aa71ff27fc2769a1b78a27578f13a17b -> 
  custom:container-demuxer-webm: 4f35f7cbe854078d1ac9338744f61a02 -> 
  custom:video-encoder-webm-vp8: eb34c28f22e8b96e1ab97ce403110664 -> 
  custom:framework-osx-AVFoundation: e770b220cccbd017edd2c1fefb359320 -> 
  custom:audio-encoder-webm-vorbis: bf7c407c2cedff20999df2af8eb42d56 -> 
  custom:container-demuxer-ogg: 62fdf1f143b41e24485cea50d1cbac27 -> 
  custom:video-decoder-webm-vp8: 9c59270c3fd7afecdb556c50c9e8de78 -> 
  custom:audio-decoder-ogg-vorbis: bf7c407c2cedff20999df2af8eb42d56 -> 
========================================================================
Received Prepare
Registering precompiled user dll's ...
Registered in 0.002222 seconds.
Begin MonoManager ReloadAssembly
Symbol file LoadedFromMemory doesn't match image /Users/kennethalvarez/Desktop/Projects/Cornell/CS5650/My project/Library/PackageCache/com.unity.visualscripting@1.7.8/Editor/VisualScripting.Core/Dependencies/YamlDotNet/Unity.VisualScripting.YamlDotNet.dll
Symbol file LoadedFromMemory doesn't match image /Users/kennethalvarez/Desktop/Projects/Cornell/CS5650/My project/Library/PackageCache/com.unity.visualscripting@1.7.8/Editor/VisualScripting.Core/Dependencies/DotNetZip/Unity.VisualScripting.IonicZip.dll
Native extension for OSXStandalone target not found
Refreshing native plugins compatible for Editor in 0.90 ms, found 4 plugins.
Preloading 1 native plugins for Editor in 0.34 ms.
Mono: successfully reloaded assembly
- Completed reload, in  2.942 seconds
Domain Reload Profiling:
	ReloadAssembly (2944ms)
		BeginReloadAssembly (304ms)
			ExecutionOrderSort (0ms)
			DisableScriptedObjects (42ms)
			BackupInstance (0ms)
			ReleaseScriptingObjects (0ms)
			CreateAndSetChildDomain (74ms)
		EndReloadAssembly (2348ms)
			LoadAssemblies (124ms)
			RebuildTransferFunctionScriptingTraits (0ms)
			SetupTypeCache (339ms)
			ReleaseScriptCaches (1ms)
			RebuildScriptCaches (51ms)
			SetupLoadedEditorAssemblies (1583ms)
				LogAssemblyErrors (0ms)
				InitializePlatformSupportModulesInManaged (42ms)
				SetLoadedEditorAssemblies (2ms)
				RefreshPlugins (1ms)
				BeforeProcessingInitializeOnLoad (156ms)
				ProcessInitializeOnLoadAttributes (1235ms)
				ProcessInitializeOnLoadMethodAttributes (144ms)
				AfterProcessingInitializeOnLoad (2ms)
				EditorAssembliesLoaded (1ms)
			ExecutionOrderSort2 (0ms)
			AwakeInstancesAfterBackupRestoration (15ms)
Platform modules already initialized, skipping
Shader 'Oculus/OVRMRCameraFrameLit': fallback shader 'Alpha-Diffuse' not found
Shader 'Oculus/OVRMRCameraFrameLit': fallback shader 'Alpha-Diffuse' not found
Refreshing native plugins compatible for Editor in 1.63 ms, found 4 plugins.
Preloading 1 native plugins for Editor in 0.24 ms.
Unloading 3885 Unused Serialized files (Serialized files now loaded: 0)
Unloading 77 unused Assets / (4.4 MB). Loaded Objects now: 4349.
Memory consumption went from 294.9 MB to 290.6 MB.
Total: 4.470917 ms (FindLiveObjects: 0.232333 ms CreateObjectMapping: 0.088625 ms MarkObjects: 2.328084 ms  DeleteObjects: 1.820875 ms)

AssetImportParameters requested are different than current active one (requested -> active):
  custom:video-decoder-ogg-theora: a1e56fd34408186e4bbccfd4996cb3dc -> 
  custom:container-muxer-webm: aa71ff27fc2769a1b78a27578f13a17b -> 
  custom:container-demuxer-webm: 4f35f7cbe854078d1ac9338744f61a02 -> 
  custom:video-encoder-webm-vp8: eb34c28f22e8b96e1ab97ce403110664 -> 
  custom:framework-osx-AVFoundation: e770b220cccbd017edd2c1fefb359320 -> 
  custom:audio-encoder-webm-vorbis: bf7c407c2cedff20999df2af8eb42d56 -> 
  custom:container-demuxer-ogg: 62fdf1f143b41e24485cea50d1cbac27 -> 
  custom:video-decoder-webm-vp8: 9c59270c3fd7afecdb556c50c9e8de78 -> 
  custom:audio-decoder-ogg-vorbis: bf7c407c2cedff20999df2af8eb42d56 -> 
AssetImportWorkerClient::OnTransportError - code=2 error=End of file
